<?xml version="1.0" encoding="UTF-8"?>
<!-- Generated by org.testng.reporters.JUnitReportReporter -->
<testsuite hostname="LAPTOP-JNPJ40QE" failures="0" tests="1" name="multi_class.class2" time="0.003" errors="0" timestamp="2022-11-08T12:16:09 IST" skipped="0">
  <testcase classname="multi_class.class2" name="paymtdetails" time="0.003"/>
  <system-out/>
</testsuite> <!-- multi_class.class2 -->
