<?xml version="1.0" encoding="UTF-8"?>
<!-- Generated by org.testng.reporters.JUnitReportReporter -->
<testsuite hostname="LAPTOP-JNPJ40QE" failures="0" tests="4" name="day1_METHOD.prg1" time="0.007" errors="0" timestamp="2022-11-08T10:53:26 IST" skipped="1">
  <testcase classname="day1_METHOD.prg1" name="payment" time="0.003"/>
  <system-out/>
  <testcase classname="day1_METHOD.prg1" name="cust" time="0.002"/>
  <system-out/>
  <testcase classname="day1_METHOD.prg1" name="opening" time="0.002"/>
  <system-out/>
  <testcase classname="day1_METHOD.prg1" name="logoff">
    <skipped/>
  </testcase> <!-- logoff -->
  <system-out/>
</testsuite> <!-- day1_METHOD.prg1 -->
