<?xml version="1.0" encoding="UTF-8"?>
<!-- Generated by org.testng.reporters.JUnitReportReporter -->
<testsuite hostname="LAPTOP-JNPJ40QE" failures="0" tests="2" name="multi_class.class1" time="0.044" errors="0" timestamp="2022-11-08T12:16:09 IST" skipped="0">
  <testcase classname="multi_class.class1" name="login" time="0.039"/>
  <system-out/>
  <testcase classname="multi_class.class1" name="tets3" time="0.005"/>
  <system-out/>
</testsuite> <!-- multi_class.class1 -->
