<?xml version="1.0" encoding="UTF-8"?>
<!-- Generated by org.testng.reporters.JUnitReportReporter -->
<testsuite hostname="LAPTOP-JNPJ40QE" failures="0" tests="4" name="day1_METHOD.openin_amz" time="4.709" errors="0" timestamp="2022-11-08T11:07:17 IST" skipped="0">
  <testcase classname="day1_METHOD.openin_amz" name="get_url" time="0.019"/>
  <system-out/>
  <testcase classname="day1_METHOD.openin_amz" name="nav_to_amz" time="3.625"/>
  <system-out/>
  <testcase classname="day1_METHOD.openin_amz" name="get_title" time="0.032"/>
  <system-out/>
  <testcase classname="day1_METHOD.openin_amz" name="screenshot" time="1.033"/>
  <system-out/>
</testsuite> <!-- day1_METHOD.openin_amz -->
