<?xml version="1.0" encoding="UTF-8"?>
<!-- Generated by org.testng.reporters.JUnitReportReporter -->
<testsuite hostname="LAPTOP-JNPJ40QE" failures="0" tests="2" name="multi_class.class3" time="0.007" errors="0" timestamp="2022-11-08T12:16:09 IST" skipped="0">
  <testcase classname="multi_class.class3" name="feedback" time="0.004"/>
  <system-out/>
  <testcase classname="multi_class.class3" name="close" time="0.003"/>
  <system-out/>
</testsuite> <!-- multi_class.class3 -->
