<?xml version="1.0" encoding="UTF-8"?>
<!-- Generated by org.testng.reporters.JUnitReportReporter -->
<testsuite hostname="LAPTOP-JNPJ40QE" failures="0" tests="7" name="multi_class_login.sc_and_close" time="8.906" errors="0" timestamp="2022-11-08T11:44:17 IST" skipped="0">
  <testcase classname="multi_class_login.sc_and_close" name="set" time="2.302"/>
  <system-out/>
  <testcase classname="multi_class_login.sc_and_close" name="log_in" time="4.023"/>
  <system-out/>
  <testcase classname="multi_class_login.sc_and_close" name="get_title" time="0.035"/>
  <system-out/>
  <testcase classname="multi_class_login.sc_and_close" name="get_url" time="0.053"/>
  <system-out/>
  <testcase classname="multi_class_login.sc_and_close" name="elements" time="1.293"/>
  <system-out/>
  <testcase classname="multi_class_login.sc_and_close" name="sc" time="0.962"/>
  <system-out/>
  <testcase classname="multi_class_login.sc_and_close" name="close" time="0.238"/>
  <system-out/>
</testsuite> <!-- multi_class_login.sc_and_close -->
